Warning[2068] C:\Users\BME464\Desktop\ComboTrial\main.c 24 : obsolete use of implicit 'int' detected
Warning[2058] C:\Users\BME464\Desktop\ComboTrial\main.c 106 : call of function without prototype
Warning[2058] C:\Users\BME464\Desktop\ComboTrial\main.c 109 : call of function without prototype
Warning[2060] C:\Users\BME464\Desktop\ComboTrial\main.c 118 : shift expression has no effect
Warning[2058] C:\Users\BME464\Desktop\ComboTrial\main.c 164 : call of function without prototype
Warning[2054] C:\Users\BME464\Desktop\ComboTrial\main.c 168 : suspicious pointer conversion
Warning[2066] C:\Users\BME464\Desktop\ComboTrial\main.c 180 : type qualifier mismatch in assignment
Warning[2058] C:\Users\BME464\Desktop\ComboTrial\main.c 184 : call of function without prototype
Warning[2066] C:\Users\BME464\Desktop\ComboTrial\main.c 186 : type qualifier mismatch in assignment
Warning[2058] C:\Users\BME464\Desktop\ComboTrial\main.c 194 : call of function without prototype
Warning[2058] C:\Users\BME464\Desktop\ComboTrial\main.c 202 : call of function without prototype
Warning[2054] C:\Users\BME464\Desktop\ComboTrial\main.c 206 : suspicious pointer conversion
Warning[2066] C:\Users\BME464\Desktop\ComboTrial\main.c 218 : type qualifier mismatch in assignment
Warning[2058] C:\Users\BME464\Desktop\ComboTrial\main.c 222 : call of function without prototype
Warning[2066] C:\Users\BME464\Desktop\ComboTrial\main.c 224 : type qualifier mismatch in assignment
Warning[2058] C:\Users\BME464\Desktop\ComboTrial\main.c 232 : call of function without prototype
Warning[2058] C:\Users\BME464\Desktop\ComboTrial\main.c 240 : call of function without prototype
Warning[2054] C:\Users\BME464\Desktop\ComboTrial\main.c 244 : suspicious pointer conversion
Warning[2066] C:\Users\BME464\Desktop\ComboTrial\main.c 253 : type qualifier mismatch in assignment
Warning[2058] C:\Users\BME464\Desktop\ComboTrial\main.c 256 : call of function without prototype
Warning[2066] C:\Users\BME464\Desktop\ComboTrial\main.c 266 : type qualifier mismatch in assignment
Warning[2058] C:\Users\BME464\Desktop\ComboTrial\main.c 269 : call of function without prototype
Warning[2066] C:\Users\BME464\Desktop\ComboTrial\main.c 277 : type qualifier mismatch in assignment
